Containers:
  [+] MainContainer:
   |            ID: 0x0000000000000000
   |        Bounds: IsValid=false, Min=(X=0.000 Y=0.000 Z=0.000), Max=(X=0.000 Y=0.000 Z=0.000)
   |     Transform: 0.000000,0.000000,0.000000|0.000000,0.000000,-0.000000|1.000000,1.000000,1.000000
   |     Container: /Game/TopDown/Maps/TopDownMap
   |  ActorDescs:
   |      - Guid:1742DF43475F097453197AA79C7473D9 Class:SkyLight Name:SkyLight_1 SpatiallyLoaded:false Bounds:IsValid=true, Min=(X=0.000 Y=0.000 Z=690.000), Max=(X=0.000 Y=0.000 Z=690.000) RuntimeGrid:None EditorOnly:false LevelBoundsRelevant:false HLODRelevant:false FolderPath:Lighting FolderGuid:4C9334684BA61B42C769F799D2576455 Parent:00000000000000000000000000000000
   |      - Guid:1FEC8FAC495CEF0CE32492ADCBB96BAE Class:NavLinkProxy Name:NavLinkProxy_3 SpatiallyLoaded:true Bounds:IsValid=true, Min=(X=2240.000 Y=1030.000 Z=90.000), Max=(X=2240.000 Y=1030.000 Z=90.000) RuntimeGrid:None EditorOnly:false LevelBoundsRelevant:true HLODRelevant:false FolderPath:Navigation FolderGuid:AE45D61F453CC144CF8289862C276E89 Parent:00000000000000000000000000000000
   |      - Guid:28E692CE449CFD0C3594EB92FB7FD86B Class:StaticMeshActor Name:StaticMeshActor_UAID_D8CB8A54710EBE7A01_1586609435 SpatiallyLoaded:true Bounds:IsValid=true, Min=(X=1450.000 Y=2270.000 Z=1050.000), Max=(X=1950.000 Y=2770.000 Z=1150.000) RuntimeGrid:None EditorOnly:false LevelBoundsRelevant:true HLODRelevant:true FolderPath:Pillars FolderGuid:BB8AF4C246C38D173850E8B115A3DCFE Parent:00000000000000000000000000000000
   |      - Guid:2DF0D95440BE0EDA81652F860DC7268E Class:WorldDataLayers Name:WorldDataLayers SpatiallyLoaded:false Bounds:IsValid=true, Min=(X=0.000 Y=0.000 Z=0.000), Max=(X=0.000 Y=0.000 Z=0.000) RuntimeGrid:None EditorOnly:false LevelBoundsRelevant:false HLODRelevant:false FolderPath:None FolderGuid:00000000000000000000000000000000 Parent:00000000000000000000000000000000
   |      - Guid:3B22BFFB4921DB1A8B441A877CD1455D Class:PostProcessVolume Name:PostProcessVolume_UAID_2CF05DFE55BEE67A01_1418288471 SpatiallyLoaded:true Bounds:IsValid=true, Min=(X=-310.000 Y=-1400.000 Z=1670.000), Max=(X=-110.000 Y=-1200.000 Z=1870.000) RuntimeGrid:None EditorOnly:false LevelBoundsRelevant:false HLODRelevant:false FolderPath:None FolderGuid:00000000000000000000000000000000 Parent:00000000000000000000000000000000
   |      - Guid:6252C7D64ACF162A73EE65B11FE214D1 Class:SkyAtmosphere Name:SkyAtmosphere_1 SpatiallyLoaded:false Bounds:IsValid=true, Min=(X=0.000 Y=0.000 Z=1020.000), Max=(X=0.000 Y=0.000 Z=1020.000) RuntimeGrid:None EditorOnly:false LevelBoundsRelevant:false HLODRelevant:false FolderPath:Lighting FolderGuid:4C9334684BA61B42C769F799D2576455 Parent:00000000000000000000000000000000
   |      - Guid:77F893B3468595EE782136AD620D7EF4 Class:VolumetricCloud Name:VolumetricCloud_0 SpatiallyLoaded:false Bounds:IsValid=true, Min=(X=0.000 Y=0.000 Z=820.000), Max=(X=0.000 Y=0.000 Z=820.000) RuntimeGrid:None EditorOnly:false LevelBoundsRelevant:false HLODRelevant:false FolderPath:Lighting FolderGuid:4C9334684BA61B42C769F799D2576455 Parent:00000000000000000000000000000000
   |      - Guid:AECEEEE741E6DE68F6843FA49564A956 Class:DirectionalLight Name:DirectionalLight_1 SpatiallyLoaded:false Bounds:IsValid=true, Min=(X=-1048576.000 Y=-1048576.000 Z=-1048576.000), Max=(X=1048576.000 Y=1048576.000 Z=1048576.000) RuntimeGrid:None EditorOnly:false LevelBoundsRelevant:false HLODRelevant:false FolderPath:Lighting FolderGuid:4C9334684BA61B42C769F799D2576455 Parent:00000000000000000000000000000000
   |      - Guid:BE020E7D46D9E79BEDE143AD87AEB825 Class:StaticMeshActor Name:StaticMeshActor_UAID_D8CB8A54710EC27A01_1736332141 SpatiallyLoaded:true Bounds:IsValid=true, Min=(X=1450.000 Y=1230.000 Z=1050.000), Max=(X=1950.000 Y=1730.000 Z=1150.000) RuntimeGrid:None EditorOnly:false LevelBoundsRelevant:true HLODRelevant:true FolderPath:Pillars FolderGuid:BB8AF4C246C38D173850E8B115A3DCFE Parent:00000000000000000000000000000000
   |      - Guid:CCDD89584E0A9025F52AEDA51D60CA54 Class:NavMeshBoundsVolume Name:NavMeshBoundsVolume_1 SpatiallyLoaded:false Bounds:IsValid=true, Min=(X=-158500.000 Y=-183250.000 Z=-110.000), Max=(X=161500.000 Y=186750.000 Z=390.000) RuntimeGrid:None EditorOnly:false LevelBoundsRelevant:false HLODRelevant:false FolderPath:Navigation FolderGuid:AE45D61F453CC144CF8289862C276E89 Parent:00000000000000000000000000000000
   |      - Guid:D24D61B944EF71BE7BC469B7EB239299 Class:ExponentialHeightFog Name:ExponentialHeightFog_1 SpatiallyLoaded:false Bounds:IsValid=true, Min=(X=-5600.000 Y=-50.000 Z=-6850.000), Max=(X=-5600.000 Y=-50.000 Z=-6850.000) RuntimeGrid:None EditorOnly:false LevelBoundsRelevant:false HLODRelevant:false FolderPath:Lighting FolderGuid:4C9334684BA61B42C769F799D2576455 Parent:00000000000000000000000000000000
   |      - Guid:E3A254A24FEC950D1869E484CB762659 Class:StaticMeshActor Name:StaticMeshActor_37 SpatiallyLoaded:true Bounds:IsValid=true, Min=(X=1450.000 Y=1750.000 Z=1050.000), Max=(X=1950.000 Y=2250.000 Z=1150.000) RuntimeGrid:None EditorOnly:false LevelBoundsRelevant:true HLODRelevant:true FolderPath:Pillars FolderGuid:BB8AF4C246C38D173850E8B115A3DCFE Parent:00000000000000000000000000000000
   |      - Guid:ED702DEB4F4A6D94A5DB4F9C337C2079 Class:TextRenderActor Name:TextRenderActor_0 SpatiallyLoaded:true Bounds:IsValid=true, Min=(X=-0.100 Y=1100.000 Z=65.013), Max=(X=-0.100 Y=2225.000 Z=215.013) RuntimeGrid:None EditorOnly:false LevelBoundsRelevant:true HLODRelevant:false FolderPath:None FolderGuid:00000000000000000000000000000000 Parent:00000000000000000000000000000000
   |      - Guid:F33CC5014C49925B3A9D52A063AF483F Class:PlayerStart Name:PlayerStart_0 SpatiallyLoaded:false Bounds:IsValid=true, Min=(X=960.000 Y=1770.000 Z=0.013), Max=(X=1040.000 Y=1850.000 Z=184.013) RuntimeGrid:None EditorOnly:false LevelBoundsRelevant:true HLODRelevant:false FolderPath:None FolderGuid:00000000000000000000000000000000 Parent:00000000000000000000000000000000
