[0420/145715.380:ERROR:audio_rtp_receiver.cc(89)] AudioRtpReceiver::OnSetVolume: No audio channel exists.
[0420/145715.381:WARNING:used_ids.h(55)] Duplicate id found. Reassigning from 104 to 127
[0420/145715.381:WARNING:used_ids.h(55)] Duplicate id found. Reassigning from 102 to 125
[0420/145715.381:WARNING:used_ids.h(55)] Duplicate id found. Reassigning from 104 to 124
[0420/145715.381:WARNING:used_ids.h(55)] Duplicate id found. Reassigning from 106 to 123
[0420/145715.381:WARNING:used_ids.h(55)] Duplicate id found. Reassigning from 103 to 122
[0420/145715.381:WARNING:used_ids.h(55)] Duplicate id found. Reassigning from 105 to 121
[0420/145715.381:WARNING:used_ids.h(55)] Duplicate id found. Reassigning from 109 to 120
[0420/145715.381:WARNING:used_ids.h(55)] Duplicate id found. Reassigning from 1 to 14
[0420/145715.381:WARNING:used_ids.h(55)] Duplicate id found. Reassigning from 3 to 13
[0420/145715.381:WARNING:used_ids.h(55)] Duplicate id found. Reassigning from 5 to 12
[0420/145715.381:WARNING:used_ids.h(55)] Duplicate id found. Reassigning from 6 to 11
[0420/145720.427:ERROR:audio_rtp_receiver.cc(89)] AudioRtpReceiver::OnSetVolume: No audio channel exists.
[0420/145720.428:WARNING:used_ids.h(55)] Duplicate id found. Reassigning from 104 to 127
[0420/145720.428:WARNING:used_ids.h(55)] Duplicate id found. Reassigning from 102 to 125
[0420/145720.428:WARNING:used_ids.h(55)] Duplicate id found. Reassigning from 104 to 124
[0420/145720.428:WARNING:used_ids.h(55)] Duplicate id found. Reassigning from 106 to 123
[0420/145720.428:WARNING:used_ids.h(55)] Duplicate id found. Reassigning from 103 to 122
[0420/145720.428:WARNING:used_ids.h(55)] Duplicate id found. Reassigning from 105 to 121
[0420/145720.428:WARNING:used_ids.h(55)] Duplicate id found. Reassigning from 109 to 120
[0420/145720.428:WARNING:used_ids.h(55)] Duplicate id found. Reassigning from 1 to 14
[0420/145720.428:WARNING:used_ids.h(55)] Duplicate id found. Reassigning from 3 to 13
[0420/145720.428:WARNING:used_ids.h(55)] Duplicate id found. Reassigning from 5 to 12
[0420/145720.428:WARNING:used_ids.h(55)] Duplicate id found. Reassigning from 6 to 11
[0420/145730.379:ERROR:batching_media_log.cc(38)] MediaEvent: {"error":"FFmpegDemuxer: no supported streams"}
[0420/145730.379:ERROR:batching_media_log.cc(35)] MediaEvent: {"pipeline_error":14}
[0420/145733.034:ERROR:batching_media_log.cc(38)] MediaEvent: {"error":"FFmpegDemuxer: no supported streams"}
[0420/145733.034:ERROR:batching_media_log.cc(35)] MediaEvent: {"pipeline_error":14}
[0510/134648.313:ERROR:batching_media_log.cc(38)] MediaEvent: {"error":"FFmpegDemuxer: no supported streams"}
[0510/134648.314:ERROR:batching_media_log.cc(35)] MediaEvent: {"pipeline_error":14}
[0510/134648.324:ERROR:batching_media_log.cc(38)] MediaEvent: {"error":"FFmpegDemuxer: no supported streams"}
[0510/134648.324:ERROR:batching_media_log.cc(35)] MediaEvent: {"pipeline_error":14}
[0510/134648.453:WARNING:spdy_session.cc(3365)] Received HEADERS for invalid stream 29
[0510/143736.820:WARNING:spdy_session.cc(3365)] Received HEADERS for invalid stream 207
[0614/191831.821:ERROR:audio_rtp_receiver.cc(89)] AudioRtpReceiver::OnSetVolume: No audio channel exists.
[0614/191831.834:WARNING:used_ids.h(55)] Duplicate id found. Reassigning from 104 to 127
[0614/191831.835:WARNING:used_ids.h(55)] Duplicate id found. Reassigning from 102 to 125
[0614/191831.835:WARNING:used_ids.h(55)] Duplicate id found. Reassigning from 104 to 124
[0614/191831.835:WARNING:used_ids.h(55)] Duplicate id found. Reassigning from 106 to 123
[0614/191831.835:WARNING:used_ids.h(55)] Duplicate id found. Reassigning from 103 to 122
[0614/191831.835:WARNING:used_ids.h(55)] Duplicate id found. Reassigning from 105 to 121
[0614/191831.835:WARNING:used_ids.h(55)] Duplicate id found. Reassigning from 109 to 120
[0614/191831.835:WARNING:used_ids.h(55)] Duplicate id found. Reassigning from 1 to 14
[0614/191831.835:WARNING:used_ids.h(55)] Duplicate id found. Reassigning from 3 to 13
[0614/191831.835:WARNING:used_ids.h(55)] Duplicate id found. Reassigning from 5 to 12
[0614/191831.835:WARNING:used_ids.h(55)] Duplicate id found. Reassigning from 6 to 11
[0614/191838.078:ERROR:audio_rtp_receiver.cc(89)] AudioRtpReceiver::OnSetVolume: No audio channel exists.
[0614/191838.078:WARNING:used_ids.h(55)] Duplicate id found. Reassigning from 104 to 127
[0614/191838.078:WARNING:used_ids.h(55)] Duplicate id found. Reassigning from 102 to 125
[0614/191838.078:WARNING:used_ids.h(55)] Duplicate id found. Reassigning from 104 to 124
[0614/191838.078:WARNING:used_ids.h(55)] Duplicate id found. Reassigning from 106 to 123
[0614/191838.078:WARNING:used_ids.h(55)] Duplicate id found. Reassigning from 103 to 122
[0614/191838.078:WARNING:used_ids.h(55)] Duplicate id found. Reassigning from 105 to 121
[0614/191838.078:WARNING:used_ids.h(55)] Duplicate id found. Reassigning from 109 to 120
[0614/191838.078:WARNING:used_ids.h(55)] Duplicate id found. Reassigning from 1 to 14
[0614/191838.078:WARNING:used_ids.h(55)] Duplicate id found. Reassigning from 3 to 13
[0614/191838.078:WARNING:used_ids.h(55)] Duplicate id found. Reassigning from 5 to 12
[0614/191838.078:WARNING:used_ids.h(55)] Duplicate id found. Reassigning from 6 to 11
[0614/191844.113:WARNING:spdy_session.cc(3365)] Received HEADERS for invalid stream 57
[0614/191848.179:ERROR:batching_media_log.cc(38)] MediaEvent: {"error":"FFmpegDemuxer: no supported streams"}
[0614/191848.192:ERROR:batching_media_log.cc(35)] MediaEvent: {"pipeline_error":14}
[0614/191848.199:ERROR:batching_media_log.cc(38)] MediaEvent: {"error":"FFmpegDemuxer: no supported streams"}
[0614/191848.199:ERROR:batching_media_log.cc(35)] MediaEvent: {"pipeline_error":14}
[0614/191848.200:WARNING:spdy_session.cc(3365)] Received HEADERS for invalid stream 67
[0614/191848.598:WARNING:spdy_session.cc(3365)] Received HEADERS for invalid stream 73
